<?xml version="1.0" encoding="UTF-8"?>
<testsuite name="stack.LinkedStackTest" tests="7" skipped="0" failures="0" errors="0" timestamp="2017-06-24T21:40:41" hostname="pv16mbpr23" time="0.012">
  <properties/>
  <testcase name="testStackUnderflowPop" classname="stack.LinkedStackTest" time="0.001"/>
  <testcase name="testStackUnderflowTop" classname="stack.LinkedStackTest" time="0.001"/>
  <testcase name="testStackUnderflowPop2" classname="stack.LinkedStackTest" time="0.001"/>
  <testcase name="testStackUnderflowPop3" classname="stack.LinkedStackTest" time="0.003"/>
  <testcase name="testStackUnderflowTop2" classname="stack.LinkedStackTest" time="0.003"/>
  <testcase name="testStackUnderflowTop3" classname="stack.LinkedStackTest" time="0.001"/>
  <testcase name="testStack" classname="stack.LinkedStackTest" time="0.001"/>
  <system-out><![CDATA[]]></system-out>
  <system-err><![CDATA[]]></system-err>
</testsuite>
